
> vibe-generated-app@1.0.0 dev
> vite


  VITE v5.4.20  ready in 234 ms

  ➜  Local:   http://localhost:3000/
  ➜  Network: http://172.20.1.44:3000/
4:26:22 AM [vite] Pre-transform error: Transform failed with 1 error:
/home/workspace/src/components/GBNSimulation.jsx:123:97: ERROR: Expected ";" but found ")"
4:26:23 AM [vite] ✨ new dependencies optimized: framer-motion, lucide-react
4:26:23 AM [vite] ✨ optimized dependencies changed. reloading
4:26:23 AM [vite] Pre-transform error: Transform failed with 1 error:
/home/workspace/src/components/GBNSimulation.jsx:123:97: ERROR: Expected ";" but found ")"
4:26:26 AM [vite] Internal server error: Transform failed with 1 error:
/home/workspace/src/components/GBNSimulation.jsx:123:97: ERROR: Expected ";" but found ")"
  Plugin: vite:esbuild
  File: /home/workspace/src/components/GBNSimulation.jsx:123:97
  
  Expected ";" but found ")"
  121|          // keep sending duplicate ACK for base-1
  122|          const ackNum = Math.max(base - 1, -1)
  123|          if (ackNum >= 0) onCaption?.(`ACK ${ackNum} received again. Waiting for packet ${base}.`))
     |                                                                                                   ^
  124|        }
  125|  
  
      at failureErrorWithLog (/home/workspace/node_modules/esbuild/lib/main.js:1472:15)
      at /home/workspace/node_modules/esbuild/lib/main.js:755:50
      at responseCallbacks.<computed> (/home/workspace/node_modules/esbuild/lib/main.js:622:9)
      at handleIncomingPacket (/home/workspace/node_modules/esbuild/lib/main.js:677:12)
      at Socket.readFromStdout (/home/workspace/node_modules/esbuild/lib/main.js:600:7)
      at Socket.emit (node:events:508:28)
      at addChunk (node:internal/streams/readable:559:12)
      at readableAddChunkPushByteMode (node:internal/streams/readable:510:3)
      at Readable.push (node:internal/streams/readable:390:5)
      at Pipe.onStreamRead (node:internal/stream_base_commons:189:23)
4:26:40 AM [vite] Internal server error: Transform failed with 1 error:
/home/workspace/src/components/GBNSimulation.jsx:123:97: ERROR: Expected ";" but found ")"
  Plugin: vite:esbuild
  File: /home/workspace/src/components/GBNSimulation.jsx:123:97
  
  Expected ";" but found ")"
  121|          // keep sending duplicate ACK for base-1
  122|          const ackNum = Math.max(base - 1, -1)
  123|          if (ackNum >= 0) onCaption?.(`ACK ${ackNum} received again. Waiting for packet ${base}.`))
     |                                                                                                   ^
  124|        }
  125|  
  
      at failureErrorWithLog (/home/workspace/node_modules/esbuild/lib/main.js:1472:15)
      at /home/workspace/node_modules/esbuild/lib/main.js:755:50
      at responseCallbacks.<computed> (/home/workspace/node_modules/esbuild/lib/main.js:622:9)
      at handleIncomingPacket (/home/workspace/node_modules/esbuild/lib/main.js:677:12)
      at Socket.readFromStdout (/home/workspace/node_modules/esbuild/lib/main.js:600:7)
      at Socket.emit (node:events:508:28)
      at addChunk (node:internal/streams/readable:559:12)
      at readableAddChunkPushByteMode (node:internal/streams/readable:510:3)
      at Readable.push (node:internal/streams/readable:390:5)
      at Pipe.onStreamRead (node:internal/stream_base_commons:189:23)
